<?xml version="1.0" encoding="UTF-8"?>
<!-- Generated by org.testng.reporters.JUnitReportReporter -->
<testsuite hostname="LAPTOP-84MC1GCV" failures="0" tests="1" name="textngAnnotations.Paramaterization" time="0.008" errors="0" timestamp="2022-08-05T08:18:45 IST" skipped="0">
  <testcase classname="textngAnnotations.Paramaterization" name="f" time="0.008"/>
  <system-out/>
</testsuite> <!-- textngAnnotations.Paramaterization -->
