<?xml version="1.0" encoding="UTF-8"?>
<!-- Generated by org.testng.reporters.JUnitReportReporter -->
<testsuite hostname="LAPTOP-84MC1GCV" failures="0" tests="3" name="textngAnnotations.DataProvider1" time="0.018" errors="0" timestamp="2022-08-07T12:44:38 IST" skipped="0">
  <testcase classname="textngAnnotations.DataProvider1" name="f" time="0.002"/>
  <system-out/>
  <testcase classname="textngAnnotations.DataProvider1" name="f" time="0.015"/>
  <system-out/>
  <testcase classname="textngAnnotations.DataProvider1" name="f" time="0.001"/>
  <system-out/>
</testsuite> <!-- textngAnnotations.DataProvider1 -->
