<?xml version="1.0" encoding="UTF-8"?>
<!-- Generated by org.testng.reporters.JUnitReportReporter -->
<testsuite hostname="LAPTOP-84MC1GCV" failures="0" tests="1" name="textngAnnotations.Annotations" time="0.009" errors="0" timestamp="2022-08-05T06:47:56 IST" skipped="0">
  <testcase classname="textngAnnotations.Annotations" name="f" time="0.009"/>
  <system-out/>
</testsuite> <!-- textngAnnotations.Annotations -->
